[05-Jun-2023 10:42:27 America/Sao_Paulo] PHP Deprecated:  Function utf8_decode() is deprecated in /Applications/XAMPP/xamppfiles/htdocs/todo_list/lib/adianti/widget/dialog/TToast.php on line 30
[05-Jun-2023 10:42:40 America/Sao_Paulo] PHP Deprecated:  Function utf8_decode() is deprecated in /Applications/XAMPP/xamppfiles/htdocs/todo_list/lib/adianti/widget/dialog/TToast.php on line 30
[05-Jun-2023 19:01:10 America/Sao_Paulo] PHP Deprecated:  Function utf8_decode() is deprecated in /Applications/XAMPP/xamppfiles/htdocs/todo_list/lib/adianti/widget/dialog/TToast.php on line 30
[05-Jun-2023 19:01:26 America/Sao_Paulo] PHP Deprecated:  Function utf8_decode() is deprecated in /Applications/XAMPP/xamppfiles/htdocs/todo_list/lib/adianti/widget/dialog/TToast.php on line 30
[05-Jun-2023 19:01:31 America/Sao_Paulo] PHP Deprecated:  Function utf8_decode() is deprecated in /Applications/XAMPP/xamppfiles/htdocs/todo_list/lib/adianti/widget/dialog/TToast.php on line 30
[05-Jun-2023 19:04:14 America/Sao_Paulo] PHP Warning:  file_put_contents(app/templates/theme-builder/libraries_user.html): Failed to open stream: Permission denied in /Applications/XAMPP/xamppfiles/htdocs/todo_list/app/service/builder/BuilderCustomCssService.php on line 87
[05-Jun-2023 19:04:14 America/Sao_Paulo] PHP Warning:  file_put_contents(app/templates/theme3/libraries_user.html): Failed to open stream: Permission denied in /Applications/XAMPP/xamppfiles/htdocs/todo_list/app/service/builder/BuilderCustomCssService.php on line 87
[05-Jun-2023 19:04:14 America/Sao_Paulo] PHP Warning:  file_put_contents(app/templates/theme3-adminlte3/libraries_user.html): Failed to open stream: Permission denied in /Applications/XAMPP/xamppfiles/htdocs/todo_list/app/service/builder/BuilderCustomCssService.php on line 87
[05-Jun-2023 19:04:14 America/Sao_Paulo] PHP Warning:  file_put_contents(app/templates/theme4/libraries_user.html): Failed to open stream: Permission denied in /Applications/XAMPP/xamppfiles/htdocs/todo_list/app/service/builder/BuilderCustomCssService.php on line 87
[05-Jun-2023 19:04:14 America/Sao_Paulo] PHP Warning:  Undefined array key "hover" in /Applications/XAMPP/xamppfiles/htdocs/todo_list/app/service/builder/BuilderCustomCssService.php on line 114
[05-Jun-2023 19:04:16 America/Sao_Paulo] PHP Warning:  file_put_contents(app/lib/include/css/builder_user_custom_css.css): Failed to open stream: Permission denied in /Applications/XAMPP/xamppfiles/htdocs/todo_list/app/service/builder/BuilderCustomCssService.php on line 127
[05-Jun-2023 19:05:46 America/Sao_Paulo] PHP Warning:  file_put_contents(app/templates/theme-builder/libraries_user.html): Failed to open stream: Permission denied in /Applications/XAMPP/xamppfiles/htdocs/todo_list/app/service/builder/BuilderCustomCssService.php on line 87
[05-Jun-2023 19:05:46 America/Sao_Paulo] PHP Warning:  file_put_contents(app/templates/theme3/libraries_user.html): Failed to open stream: Permission denied in /Applications/XAMPP/xamppfiles/htdocs/todo_list/app/service/builder/BuilderCustomCssService.php on line 87
[05-Jun-2023 19:05:46 America/Sao_Paulo] PHP Warning:  file_put_contents(app/templates/theme3-adminlte3/libraries_user.html): Failed to open stream: Permission denied in /Applications/XAMPP/xamppfiles/htdocs/todo_list/app/service/builder/BuilderCustomCssService.php on line 87
[05-Jun-2023 19:05:46 America/Sao_Paulo] PHP Warning:  file_put_contents(app/templates/theme4/libraries_user.html): Failed to open stream: Permission denied in /Applications/XAMPP/xamppfiles/htdocs/todo_list/app/service/builder/BuilderCustomCssService.php on line 87
[05-Jun-2023 19:05:46 America/Sao_Paulo] PHP Warning:  Undefined array key "hover" in /Applications/XAMPP/xamppfiles/htdocs/todo_list/app/service/builder/BuilderCustomCssService.php on line 114
[05-Jun-2023 19:05:48 America/Sao_Paulo] PHP Warning:  file_put_contents(app/lib/include/css/builder_user_custom_css.css): Failed to open stream: Permission denied in /Applications/XAMPP/xamppfiles/htdocs/todo_list/app/service/builder/BuilderCustomCssService.php on line 127
[05-Jun-2023 19:07:44 America/Sao_Paulo] PHP Warning:  file_put_contents(app/templates/theme-builder/libraries_user.html): Failed to open stream: Permission denied in /Applications/XAMPP/xamppfiles/htdocs/todo_list/app/service/builder/BuilderCustomCssService.php on line 87
[05-Jun-2023 19:07:44 America/Sao_Paulo] PHP Warning:  file_put_contents(app/templates/theme3/libraries_user.html): Failed to open stream: Permission denied in /Applications/XAMPP/xamppfiles/htdocs/todo_list/app/service/builder/BuilderCustomCssService.php on line 87
[05-Jun-2023 19:07:44 America/Sao_Paulo] PHP Warning:  file_put_contents(app/templates/theme3-adminlte3/libraries_user.html): Failed to open stream: Permission denied in /Applications/XAMPP/xamppfiles/htdocs/todo_list/app/service/builder/BuilderCustomCssService.php on line 87
[05-Jun-2023 19:07:44 America/Sao_Paulo] PHP Warning:  file_put_contents(app/templates/theme4/libraries_user.html): Failed to open stream: Permission denied in /Applications/XAMPP/xamppfiles/htdocs/todo_list/app/service/builder/BuilderCustomCssService.php on line 87
[05-Jun-2023 19:07:44 America/Sao_Paulo] PHP Warning:  Undefined array key "hover" in /Applications/XAMPP/xamppfiles/htdocs/todo_list/app/service/builder/BuilderCustomCssService.php on line 114
[05-Jun-2023 19:07:45 America/Sao_Paulo] PHP Warning:  file_put_contents(app/lib/include/css/builder_user_custom_css.css): Failed to open stream: Permission denied in /Applications/XAMPP/xamppfiles/htdocs/todo_list/app/service/builder/BuilderCustomCssService.php on line 127
[05-Jun-2023 19:11:32 America/Sao_Paulo] PHP Warning:  file_get_contents(app/templates/.DS_Store/libraries_user.html): Failed to open stream: No such file or directory in /Applications/XAMPP/xamppfiles/htdocs/todo_list/app/service/builder/BuilderCustomCssService.php on line 77
[05-Jun-2023 19:11:32 America/Sao_Paulo] PHP Warning:  file_put_contents(app/templates/.DS_Store/libraries_user.html): Failed to open stream: No such file or directory in /Applications/XAMPP/xamppfiles/htdocs/todo_list/app/service/builder/BuilderCustomCssService.php on line 87
[05-Jun-2023 19:11:32 America/Sao_Paulo] PHP Warning:  file_put_contents(app/templates/theme3/libraries_user.html): Failed to open stream: Permission denied in /Applications/XAMPP/xamppfiles/htdocs/todo_list/app/service/builder/BuilderCustomCssService.php on line 87
[05-Jun-2023 19:11:32 America/Sao_Paulo] PHP Warning:  file_put_contents(app/templates/theme3-adminlte3/libraries_user.html): Failed to open stream: Permission denied in /Applications/XAMPP/xamppfiles/htdocs/todo_list/app/service/builder/BuilderCustomCssService.php on line 87
[05-Jun-2023 19:11:32 America/Sao_Paulo] PHP Warning:  file_put_contents(app/templates/theme4/libraries_user.html): Failed to open stream: Permission denied in /Applications/XAMPP/xamppfiles/htdocs/todo_list/app/service/builder/BuilderCustomCssService.php on line 87
[05-Jun-2023 19:11:32 America/Sao_Paulo] PHP Warning:  Undefined array key "hover" in /Applications/XAMPP/xamppfiles/htdocs/todo_list/app/service/builder/BuilderCustomCssService.php on line 114
[05-Jun-2023 19:11:34 America/Sao_Paulo] PHP Warning:  file_put_contents(app/lib/include/css/builder_user_custom_css.css): Failed to open stream: Permission denied in /Applications/XAMPP/xamppfiles/htdocs/todo_list/app/service/builder/BuilderCustomCssService.php on line 127
[05-Jun-2023 20:15:50 America/Sao_Paulo] PHP Warning:  file_get_contents(app/templates/.DS_Store/libraries_user.html): Failed to open stream: No such file or directory in /Applications/XAMPP/xamppfiles/htdocs/todo_list/app/service/builder/BuilderCustomCssService.php on line 77
[05-Jun-2023 20:15:50 America/Sao_Paulo] PHP Warning:  file_put_contents(app/templates/.DS_Store/libraries_user.html): Failed to open stream: No such file or directory in /Applications/XAMPP/xamppfiles/htdocs/todo_list/app/service/builder/BuilderCustomCssService.php on line 87
[05-Jun-2023 20:15:50 America/Sao_Paulo] PHP Warning:  file_put_contents(app/templates/theme3/libraries_user.html): Failed to open stream: Permission denied in /Applications/XAMPP/xamppfiles/htdocs/todo_list/app/service/builder/BuilderCustomCssService.php on line 87
[05-Jun-2023 20:15:50 America/Sao_Paulo] PHP Warning:  file_put_contents(app/templates/theme3-adminlte3/libraries_user.html): Failed to open stream: Permission denied in /Applications/XAMPP/xamppfiles/htdocs/todo_list/app/service/builder/BuilderCustomCssService.php on line 87
[05-Jun-2023 20:15:50 America/Sao_Paulo] PHP Warning:  file_put_contents(app/templates/theme4/libraries_user.html): Failed to open stream: Permission denied in /Applications/XAMPP/xamppfiles/htdocs/todo_list/app/service/builder/BuilderCustomCssService.php on line 87
[05-Jun-2023 20:15:50 America/Sao_Paulo] PHP Warning:  Undefined array key "hover" in /Applications/XAMPP/xamppfiles/htdocs/todo_list/app/service/builder/BuilderCustomCssService.php on line 114
[05-Jun-2023 20:15:52 America/Sao_Paulo] PHP Warning:  file_put_contents(app/lib/include/css/builder_user_custom_css.css): Failed to open stream: Permission denied in /Applications/XAMPP/xamppfiles/htdocs/todo_list/app/service/builder/BuilderCustomCssService.php on line 127
[05-Jun-2023 20:18:17 America/Sao_Paulo] PHP Warning:  file_get_contents(app/templates/.DS_Store/libraries_user.html): Failed to open stream: No such file or directory in /Applications/XAMPP/xamppfiles/htdocs/todo_list/app/service/builder/BuilderCustomCssService.php on line 77
[05-Jun-2023 20:18:17 America/Sao_Paulo] PHP Warning:  file_put_contents(app/templates/.DS_Store/libraries_user.html): Failed to open stream: No such file or directory in /Applications/XAMPP/xamppfiles/htdocs/todo_list/app/service/builder/BuilderCustomCssService.php on line 87
[05-Jun-2023 20:18:17 America/Sao_Paulo] PHP Warning:  file_put_contents(app/templates/theme3/libraries_user.html): Failed to open stream: Permission denied in /Applications/XAMPP/xamppfiles/htdocs/todo_list/app/service/builder/BuilderCustomCssService.php on line 87
[05-Jun-2023 20:18:17 America/Sao_Paulo] PHP Warning:  file_put_contents(app/templates/theme3-adminlte3/libraries_user.html): Failed to open stream: Permission denied in /Applications/XAMPP/xamppfiles/htdocs/todo_list/app/service/builder/BuilderCustomCssService.php on line 87
[05-Jun-2023 20:18:17 America/Sao_Paulo] PHP Warning:  file_put_contents(app/templates/theme4/libraries_user.html): Failed to open stream: Permission denied in /Applications/XAMPP/xamppfiles/htdocs/todo_list/app/service/builder/BuilderCustomCssService.php on line 87
[05-Jun-2023 20:18:17 America/Sao_Paulo] PHP Warning:  Undefined array key "hover" in /Applications/XAMPP/xamppfiles/htdocs/todo_list/app/service/builder/BuilderCustomCssService.php on line 114
[05-Jun-2023 20:18:52 America/Sao_Paulo] PHP Warning:  file_get_contents(app/templates/.DS_Store/libraries_user.html): Failed to open stream: No such file or directory in /Applications/XAMPP/xamppfiles/htdocs/todo_list/app/service/builder/BuilderCustomCssService.php on line 77
[05-Jun-2023 20:18:52 America/Sao_Paulo] PHP Warning:  file_put_contents(app/templates/.DS_Store/libraries_user.html): Failed to open stream: No such file or directory in /Applications/XAMPP/xamppfiles/htdocs/todo_list/app/service/builder/BuilderCustomCssService.php on line 87
[05-Jun-2023 20:18:52 America/Sao_Paulo] PHP Warning:  file_put_contents(app/templates/theme3/libraries_user.html): Failed to open stream: Permission denied in /Applications/XAMPP/xamppfiles/htdocs/todo_list/app/service/builder/BuilderCustomCssService.php on line 87
[05-Jun-2023 20:18:52 America/Sao_Paulo] PHP Warning:  file_put_contents(app/templates/theme3-adminlte3/libraries_user.html): Failed to open stream: Permission denied in /Applications/XAMPP/xamppfiles/htdocs/todo_list/app/service/builder/BuilderCustomCssService.php on line 87
[05-Jun-2023 20:18:52 America/Sao_Paulo] PHP Warning:  file_put_contents(app/templates/theme4/libraries_user.html): Failed to open stream: Permission denied in /Applications/XAMPP/xamppfiles/htdocs/todo_list/app/service/builder/BuilderCustomCssService.php on line 87
[05-Jun-2023 20:18:52 America/Sao_Paulo] PHP Warning:  Undefined array key "hover" in /Applications/XAMPP/xamppfiles/htdocs/todo_list/app/service/builder/BuilderCustomCssService.php on line 114
[05-Jun-2023 20:19:26 America/Sao_Paulo] PHP Deprecated:  Function utf8_decode() is deprecated in /Applications/XAMPP/xamppfiles/htdocs/todo_list/lib/adianti/widget/dialog/TToast.php on line 30
[05-Jun-2023 20:19:42 America/Sao_Paulo] PHP Deprecated:  Function utf8_decode() is deprecated in /Applications/XAMPP/xamppfiles/htdocs/todo_list/lib/adianti/widget/dialog/TToast.php on line 30
[05-Jun-2023 20:19:46 America/Sao_Paulo] PHP Deprecated:  Function utf8_decode() is deprecated in /Applications/XAMPP/xamppfiles/htdocs/todo_list/lib/adianti/widget/dialog/TToast.php on line 30
[05-Jun-2023 20:19:56 America/Sao_Paulo] PHP Deprecated:  Function utf8_decode() is deprecated in /Applications/XAMPP/xamppfiles/htdocs/todo_list/lib/adianti/widget/dialog/TToast.php on line 30
[05-Jun-2023 20:43:05 America/Sao_Paulo] PHP Fatal error:  Uncaught Error: Class "Adianti\Core\Util" not found in /Applications/XAMPP/xamppfiles/htdocs/todo_list/lib/adianti/core/AdiantiCoreApplication.php:45
Stack trace:
#0 /Applications/XAMPP/xamppfiles/htdocs/todo_list/engine.php(43): Adianti\Core\AdiantiCoreApplication::run('0')
#1 /Applications/XAMPP/xamppfiles/htdocs/todo_list/engine.php(99): TApplication::run()
#2 {main}
  thrown in /Applications/XAMPP/xamppfiles/htdocs/todo_list/lib/adianti/core/AdiantiCoreApplication.php on line 45
[05-Jun-2023 20:43:05 America/Sao_Paulo] PHP Fatal error:  Uncaught Error: Class "Adianti\Core\Util" not found in /Applications/XAMPP/xamppfiles/htdocs/todo_list/lib/adianti/core/AdiantiCoreApplication.php:45
Stack trace:
#0 /Applications/XAMPP/xamppfiles/htdocs/todo_list/engine.php(43): Adianti\Core\AdiantiCoreApplication::run('0')
#1 /Applications/XAMPP/xamppfiles/htdocs/todo_list/engine.php(99): TApplication::run()
#2 {main}
  thrown in /Applications/XAMPP/xamppfiles/htdocs/todo_list/lib/adianti/core/AdiantiCoreApplication.php on line 45
[05-Jun-2023 20:43:06 America/Sao_Paulo] PHP Fatal error:  Uncaught Error: Class "Adianti\Core\Util" not found in /Applications/XAMPP/xamppfiles/htdocs/todo_list/lib/adianti/core/AdiantiCoreApplication.php:45
Stack trace:
#0 /Applications/XAMPP/xamppfiles/htdocs/todo_list/engine.php(43): Adianti\Core\AdiantiCoreApplication::run('0')
#1 /Applications/XAMPP/xamppfiles/htdocs/todo_list/engine.php(99): TApplication::run()
#2 {main}
  thrown in /Applications/XAMPP/xamppfiles/htdocs/todo_list/lib/adianti/core/AdiantiCoreApplication.php on line 45
[05-Jun-2023 20:48:53 America/Sao_Paulo] PHP Fatal error:  Uncaught ReflectionException: Method ItemKanbanView::() does not exist in /Applications/XAMPP/xamppfiles/htdocs/todo_list/lib/adianti/core/AdiantiCoreApplication.php:85
Stack trace:
#0 /Applications/XAMPP/xamppfiles/htdocs/todo_list/lib/adianti/core/AdiantiCoreApplication.php(85): ReflectionMethod->__construct('ItemKanbanView', '')
#1 /Applications/XAMPP/xamppfiles/htdocs/todo_list/engine.php(43): Adianti\Core\AdiantiCoreApplication::run('0')
#2 /Applications/XAMPP/xamppfiles/htdocs/todo_list/engine.php(99): TApplication::run()
#3 {main}
  thrown in /Applications/XAMPP/xamppfiles/htdocs/todo_list/lib/adianti/core/AdiantiCoreApplication.php on line 85
[05-Jun-2023 20:50:05 America/Sao_Paulo] PHP Parse error:  syntax error, unexpected variable "$method" in /Applications/XAMPP/xamppfiles/htdocs/todo_list/lib/adianti/core/AdiantiCoreApplication.php on line 83
[05-Jun-2023 20:50:05 America/Sao_Paulo] PHP Parse error:  syntax error, unexpected variable "$method" in /Applications/XAMPP/xamppfiles/htdocs/todo_list/lib/adianti/core/AdiantiCoreApplication.php on line 83
[05-Jun-2023 20:50:11 America/Sao_Paulo] PHP Parse error:  syntax error, unexpected variable "$method" in /Applications/XAMPP/xamppfiles/htdocs/todo_list/lib/adianti/core/AdiantiCoreApplication.php on line 83
[05-Jun-2023 20:50:19 America/Sao_Paulo] PHP Parse error:  syntax error, unexpected variable "$method" in /Applications/XAMPP/xamppfiles/htdocs/todo_list/lib/adianti/core/AdiantiCoreApplication.php on line 83
[05-Jun-2023 20:50:32 America/Sao_Paulo] PHP Parse error:  syntax error, unexpected variable "$method" in /Applications/XAMPP/xamppfiles/htdocs/todo_list/lib/adianti/core/AdiantiCoreApplication.php on line 83
[05-Jun-2023 20:50:33 America/Sao_Paulo] PHP Parse error:  syntax error, unexpected variable "$method" in /Applications/XAMPP/xamppfiles/htdocs/todo_list/lib/adianti/core/AdiantiCoreApplication.php on line 83
[05-Jun-2023 20:50:50 America/Sao_Paulo] PHP Parse error:  syntax error, unexpected variable "$method" in /Applications/XAMPP/xamppfiles/htdocs/todo_list/lib/adianti/core/AdiantiCoreApplication.php on line 83
[05-Jun-2023 20:50:51 America/Sao_Paulo] PHP Parse error:  syntax error, unexpected variable "$method" in /Applications/XAMPP/xamppfiles/htdocs/todo_list/lib/adianti/core/AdiantiCoreApplication.php on line 83
[05-Jun-2023 20:51:00 America/Sao_Paulo] PHP Parse error:  syntax error, unexpected variable "$method" in /Applications/XAMPP/xamppfiles/htdocs/todo_list/lib/adianti/core/AdiantiCoreApplication.php on line 83
[05-Jun-2023 20:51:00 America/Sao_Paulo] PHP Parse error:  syntax error, unexpected variable "$method" in /Applications/XAMPP/xamppfiles/htdocs/todo_list/lib/adianti/core/AdiantiCoreApplication.php on line 83
[05-Jun-2023 20:51:21 America/Sao_Paulo] PHP Parse error:  syntax error, unexpected variable "$method" in /Applications/XAMPP/xamppfiles/htdocs/todo_list/lib/adianti/core/AdiantiCoreApplication.php on line 83
[05-Jun-2023 20:51:21 America/Sao_Paulo] PHP Parse error:  syntax error, unexpected variable "$method" in /Applications/XAMPP/xamppfiles/htdocs/todo_list/lib/adianti/core/AdiantiCoreApplication.php on line 83
[05-Jun-2023 21:15:06 America/Sao_Paulo] PHP Fatal error:  Uncaught TypeError: call_user_func(): Argument #1 ($callback) must be a valid callback, non-static method ItemKanbanView::onShow() cannot be called statically in /Applications/XAMPP/xamppfiles/htdocs/todo_list/lib/adianti/core/AdiantiCoreApplication.php:87
Stack trace:
#0 /Applications/XAMPP/xamppfiles/htdocs/todo_list/lib/adianti/core/AdiantiCoreApplication.php(87): call_user_func(Array, Array)
#1 /Applications/XAMPP/xamppfiles/htdocs/todo_list/engine.php(43): Adianti\Core\AdiantiCoreApplication::run('0')
#2 /Applications/XAMPP/xamppfiles/htdocs/todo_list/engine.php(99): TApplication::run()
#3 {main}
  thrown in /Applications/XAMPP/xamppfiles/htdocs/todo_list/lib/adianti/core/AdiantiCoreApplication.php on line 87
[05-Jun-2023 21:15:44 America/Sao_Paulo] PHP Fatal error:  Uncaught TypeError: call_user_func(): Argument #1 ($callback) must be a valid callback, non-static method ItemKanbanView::onShow() cannot be called statically in /Applications/XAMPP/xamppfiles/htdocs/todo_list/lib/adianti/core/AdiantiCoreApplication.php:87
Stack trace:
#0 /Applications/XAMPP/xamppfiles/htdocs/todo_list/lib/adianti/core/AdiantiCoreApplication.php(87): call_user_func(Array, Array)
#1 /Applications/XAMPP/xamppfiles/htdocs/todo_list/engine.php(43): Adianti\Core\AdiantiCoreApplication::run('0')
#2 /Applications/XAMPP/xamppfiles/htdocs/todo_list/engine.php(99): TApplication::run()
#3 {main}
  thrown in /Applications/XAMPP/xamppfiles/htdocs/todo_list/lib/adianti/core/AdiantiCoreApplication.php on line 87
[05-Jun-2023 21:28:51 America/Sao_Paulo] PHP Warning:  Undefined array key "nova_lista" in /Applications/XAMPP/xamppfiles/htdocs/todo_list/app/control/todo_list/ItemKanbanView.php on line 225
[05-Jun-2023 21:34:43 America/Sao_Paulo] PHP Parse error:  syntax error, unexpected token "{" in /Applications/XAMPP/xamppfiles/htdocs/todo_list/app/control/todo_list/ItemKanbanView.php on line 223
[05-Jun-2023 21:35:32 America/Sao_Paulo] PHP Warning:  Undefined array key "novaLista" in /Applications/XAMPP/xamppfiles/htdocs/todo_list/app/control/todo_list/ItemKanbanView.php on line 222
[05-Jun-2023 21:36:11 America/Sao_Paulo] PHP Parse error:  syntax error, unexpected token "{" in /Applications/XAMPP/xamppfiles/htdocs/todo_list/app/control/todo_list/ItemKanbanView.php on line 222
[05-Jun-2023 21:45:22 America/Sao_Paulo] PHP Deprecated:  Function utf8_decode() is deprecated in /Applications/XAMPP/xamppfiles/htdocs/todo_list/lib/adianti/widget/dialog/TToast.php on line 30
